[23:31:51] [main/INFO]: [STDOUT]: §cThis item cannot be deleted!
[23:31:51] [main/INFO]: [STDERR]: com.ue.exceptions.PlayerException: §cYou dont have the permission to do that!
[23:31:51] [main/INFO]: [STDERR]: 	at com.ue.exceptions.PlayerException.getException(PlayerException.java:20)
[23:31:51] [main/INFO]: [STDERR]: 	at com.ue.shopsystem.api.PlayershopController.checkForTownworldPlotPermission(PlayershopController.java:240)
[23:31:51] [main/INFO]: [STDERR]: 	at com.ue.shopsystem.api.PlayershopController.createPlayerShop(PlayershopController.java:131)
[23:31:51] [main/INFO]: [STDERR]: 	at com.ue.shopsystem.PlayershopControllerTest.createNewAdminshopTestWithNoPlotPermission(PlayershopControllerTest.java:153)
[23:31:51] [main/INFO]: [STDERR]: 	at sun.reflect.NativeMethodAccessorImpl.invoke0(Native Method)
[23:31:51] [main/INFO]: [STDERR]: 	at sun.reflect.NativeMethodAccessorImpl.invoke(NativeMethodAccessorImpl.java:62)
[23:31:51] [main/INFO]: [STDERR]: 	at sun.reflect.DelegatingMethodAccessorImpl.invoke(DelegatingMethodAccessorImpl.java:43)
[23:31:51] [main/INFO]: [STDERR]: 	at java.lang.reflect.Method.invoke(Method.java:498)
[23:31:51] [main/INFO]: [STDERR]: 	at org.junit.platform.commons.util.ReflectionUtils.invokeMethod(ReflectionUtils.java:675)
[23:31:51] [main/INFO]: [STDERR]: 	at org.junit.jupiter.engine.execution.MethodInvocation.proceed(MethodInvocation.java:60)
[23:31:51] [main/INFO]: [STDERR]: 	at org.junit.jupiter.engine.execution.InvocationInterceptorChain$ValidatingInvocation.proceed(InvocationInterceptorChain.java:125)
[23:31:51] [main/INFO]: [STDERR]: 	at org.junit.jupiter.engine.extension.TimeoutExtension.intercept(TimeoutExtension.java:132)
[23:31:51] [main/INFO]: [STDERR]: 	at org.junit.jupiter.engine.extension.TimeoutExtension.interceptTestableMethod(TimeoutExtension.java:124)
[23:31:51] [main/INFO]: [STDERR]: 	at org.junit.jupiter.engine.extension.TimeoutExtension.interceptTestMethod(TimeoutExtension.java:74)
[23:31:51] [main/INFO]: [STDERR]: 	at org.junit.jupiter.engine.execution.ExecutableInvoker$ReflectiveInterceptorCall.lambda$ofVoidMethod$0(ExecutableInvoker.java:115)
[23:31:51] [main/INFO]: [STDERR]: 	at org.junit.jupiter.engine.execution.ExecutableInvoker.lambda$invoke$0(ExecutableInvoker.java:105)
[23:31:51] [main/INFO]: [STDERR]: 	at org.junit.jupiter.engine.execution.InvocationInterceptorChain$InterceptedInvocation.proceed(InvocationInterceptorChain.java:104)
[23:31:51] [main/INFO]: [STDERR]: 	at org.junit.jupiter.engine.execution.InvocationInterceptorChain.proceed(InvocationInterceptorChain.java:62)
[23:31:51] [main/INFO]: [STDERR]: 	at org.junit.jupiter.engine.execution.InvocationInterceptorChain.chainAndInvoke(InvocationInterceptorChain.java:43)
[23:31:51] [main/INFO]: [STDERR]: 	at org.junit.jupiter.engine.execution.InvocationInterceptorChain.invoke(InvocationInterceptorChain.java:35)
[23:31:51] [main/INFO]: [STDERR]: 	at org.junit.jupiter.engine.execution.ExecutableInvoker.invoke(ExecutableInvoker.java:104)
[23:31:51] [main/INFO]: [STDERR]: 	at org.junit.jupiter.engine.execution.ExecutableInvoker.invoke(ExecutableInvoker.java:98)
[23:31:51] [main/INFO]: [STDERR]: 	at org.junit.jupiter.engine.descriptor.TestMethodTestDescriptor.lambda$invokeTestMethod$6(TestMethodTestDescriptor.java:202)
[23:31:51] [main/INFO]: [STDERR]: 	at org.junit.platform.engine.support.hierarchical.ThrowableCollector.execute(ThrowableCollector.java:73)
[23:31:51] [main/INFO]: [STDERR]: 	at org.junit.jupiter.engine.descriptor.TestMethodTestDescriptor.invokeTestMethod(TestMethodTestDescriptor.java:198)
[23:31:51] [main/INFO]: [STDERR]: 	at org.junit.jupiter.engine.descriptor.TestMethodTestDescriptor.execute(TestMethodTestDescriptor.java:135)
[23:31:51] [main/INFO]: [STDERR]: 	at org.junit.jupiter.engine.descriptor.TestMethodTestDescriptor.execute(TestMethodTestDescriptor.java:69)
[23:31:51] [main/INFO]: [STDERR]: 	at org.junit.platform.engine.support.hierarchical.NodeTestTask.lambda$executeRecursively$5(NodeTestTask.java:135)
[23:31:51] [main/INFO]: [STDERR]: 	at org.junit.platform.engine.support.hierarchical.ThrowableCollector.execute(ThrowableCollector.java:73)
[23:31:51] [main/INFO]: [STDERR]: 	at org.junit.platform.engine.support.hierarchical.NodeTestTask.lambda$executeRecursively$7(NodeTestTask.java:125)
[23:31:51] [main/INFO]: [STDERR]: 	at org.junit.platform.engine.support.hierarchical.Node.around(Node.java:135)
[23:31:51] [main/INFO]: [STDERR]: 	at org.junit.platform.engine.support.hierarchical.NodeTestTask.lambda$executeRecursively$8(NodeTestTask.java:123)
[23:31:51] [main/INFO]: [STDERR]: 	at org.junit.platform.engine.support.hierarchical.ThrowableCollector.execute(ThrowableCollector.java:73)
[23:31:51] [main/INFO]: [STDERR]: 	at org.junit.platform.engine.support.hierarchical.NodeTestTask.executeRecursively(NodeTestTask.java:122)
[23:31:51] [main/INFO]: [STDERR]: 	at org.junit.platform.engine.support.hierarchical.NodeTestTask.execute(NodeTestTask.java:80)
[23:31:51] [main/INFO]: [STDERR]: 	at java.util.ArrayList.forEach(ArrayList.java:1257)
[23:31:51] [main/INFO]: [STDERR]: 	at org.junit.platform.engine.support.hierarchical.SameThreadHierarchicalTestExecutorService.invokeAll(SameThreadHierarchicalTestExecutorService.java:38)
[23:31:51] [main/INFO]: [STDERR]: 	at org.junit.platform.engine.support.hierarchical.NodeTestTask.lambda$executeRecursively$5(NodeTestTask.java:139)
[23:31:51] [main/INFO]: [STDERR]: 	at org.junit.platform.engine.support.hierarchical.ThrowableCollector.execute(ThrowableCollector.java:73)
[23:31:51] [main/INFO]: [STDERR]: 	at org.junit.platform.engine.support.hierarchical.NodeTestTask.lambda$executeRecursively$7(NodeTestTask.java:125)
[23:31:51] [main/INFO]: [STDERR]: 	at org.junit.platform.engine.support.hierarchical.Node.around(Node.java:135)
[23:31:51] [main/INFO]: [STDERR]: 	at org.junit.platform.engine.support.hierarchical.NodeTestTask.lambda$executeRecursively$8(NodeTestTask.java:123)
[23:31:51] [main/INFO]: [STDERR]: 	at org.junit.platform.engine.support.hierarchical.ThrowableCollector.execute(ThrowableCollector.java:73)
[23:31:51] [main/INFO]: [STDERR]: 	at org.junit.platform.engine.support.hierarchical.NodeTestTask.executeRecursively(NodeTestTask.java:122)
[23:31:51] [main/INFO]: [STDERR]: 	at org.junit.platform.engine.support.hierarchical.NodeTestTask.execute(NodeTestTask.java:80)
[23:31:51] [main/INFO]: [STDERR]: 	at java.util.ArrayList.forEach(ArrayList.java:1257)
[23:31:51] [main/INFO]: [STDERR]: 	at org.junit.platform.engine.support.hierarchical.SameThreadHierarchicalTestExecutorService.invokeAll(SameThreadHierarchicalTestExecutorService.java:38)
[23:31:51] [main/INFO]: [STDERR]: 	at org.junit.platform.engine.support.hierarchical.NodeTestTask.lambda$executeRecursively$5(NodeTestTask.java:139)
[23:31:51] [main/INFO]: [STDERR]: 	at org.junit.platform.engine.support.hierarchical.ThrowableCollector.execute(ThrowableCollector.java:73)
[23:31:51] [main/INFO]: [STDERR]: 	at org.junit.platform.engine.support.hierarchical.NodeTestTask.lambda$executeRecursively$7(NodeTestTask.java:125)
[23:31:51] [main/INFO]: [STDERR]: 	at org.junit.platform.engine.support.hierarchical.Node.around(Node.java:135)
[23:31:51] [main/INFO]: [STDERR]: 	at org.junit.platform.engine.support.hierarchical.NodeTestTask.lambda$executeRecursively$8(NodeTestTask.java:123)
[23:31:51] [main/INFO]: [STDERR]: 	at org.junit.platform.engine.support.hierarchical.ThrowableCollector.execute(ThrowableCollector.java:73)
[23:31:51] [main/INFO]: [STDERR]: 	at org.junit.platform.engine.support.hierarchical.NodeTestTask.executeRecursively(NodeTestTask.java:122)
[23:31:51] [main/INFO]: [STDERR]: 	at org.junit.platform.engine.support.hierarchical.NodeTestTask.execute(NodeTestTask.java:80)
[23:31:51] [main/INFO]: [STDERR]: 	at org.junit.platform.engine.support.hierarchical.SameThreadHierarchicalTestExecutorService.submit(SameThreadHierarchicalTestExecutorService.java:32)
[23:31:51] [main/INFO]: [STDERR]: 	at org.junit.platform.engine.support.hierarchical.HierarchicalTestExecutor.execute(HierarchicalTestExecutor.java:57)
[23:31:51] [main/INFO]: [STDERR]: 	at org.junit.platform.engine.support.hierarchical.HierarchicalTestEngine.execute(HierarchicalTestEngine.java:51)
[23:31:51] [main/INFO]: [STDERR]: 	at org.junit.platform.launcher.core.DefaultLauncher.execute(DefaultLauncher.java:220)
[23:31:51] [main/INFO]: [STDERR]: 	at org.junit.platform.launcher.core.DefaultLauncher.lambda$execute$6(DefaultLauncher.java:188)
[23:31:51] [main/INFO]: [STDERR]: 	at org.junit.platform.launcher.core.DefaultLauncher.withInterceptedStreams(DefaultLauncher.java:202)
[23:31:51] [main/INFO]: [STDERR]: 	at org.junit.platform.launcher.core.DefaultLauncher.execute(DefaultLauncher.java:181)
[23:31:51] [main/INFO]: [STDERR]: 	at org.junit.platform.launcher.core.DefaultLauncher.execute(DefaultLauncher.java:128)
[23:31:51] [main/INFO]: [STDERR]: 	at org.apache.maven.surefire.junitplatform.JUnitPlatformProvider.invokeAllTests(JUnitPlatformProvider.java:142)
[23:31:51] [main/INFO]: [STDERR]: 	at org.apache.maven.surefire.junitplatform.JUnitPlatformProvider.invoke(JUnitPlatformProvider.java:117)
[23:31:51] [main/INFO]: [STDERR]: 	at org.apache.maven.surefire.booter.ForkedBooter.invokeProviderInSameClassLoader(ForkedBooter.java:384)
[23:31:51] [main/INFO]: [STDERR]: 	at org.apache.maven.surefire.booter.ForkedBooter.runSuitesInProcess(ForkedBooter.java:345)
[23:31:51] [main/INFO]: [STDERR]: 	at org.apache.maven.surefire.booter.ForkedBooter.execute(ForkedBooter.java:126)
[23:31:51] [main/INFO]: [STDERR]: 	at org.apache.maven.surefire.booter.ForkedBooter.main(ForkedBooter.java:418)
